D:\ProgramFiles\Microsoft Visual Studio\2022\Community\MSBuild\Microsoft\VC\v170\Microsoft.CppBuild.targets(514,5): warning MSB8028: The intermediate directory (x64\Debug\) contains files shared from another project (openCL.vcxproj).  This can lead to incorrect clean and rebuild behavior.
  Camera.cpp
F:\Tvorba\openGL\Camera.h(4,9): fatal error C1083: Cannot open include file: 'glad/glad.h': No such file or directory
  EBO.cpp
F:\Tvorba\openGL\EBO.h(4,9): fatal error C1083: Cannot open include file: 'glad/glad.h': No such file or directory
  EBO.h
F:\Tvorba\openGL\EBO.h(4,9): fatal error C1083: Cannot open include file: 'glad/glad.h': No such file or directory
  main.cpp
F:\Tvorba\openGL\main.cpp(2,10): fatal error C1083: Cannot open include file: 'glad/glad.h': No such file or directory
  shaderClass.cpp
F:\Tvorba\openGL\shaderClass.h(4,10): fatal error C1083: Cannot open include file: 'glad/glad.h': No such file or directory
  stb.cpp
F:\Tvorba\openGL\stb.cpp(2,10): fatal error C1083: Cannot open include file: 'stb/stb_image.h': No such file or directory
  Texture.cpp
F:\Tvorba\openGL\Texture.h(4,10): fatal error C1083: Cannot open include file: 'stb/stb_image.h': No such file or directory
  VAO.cpp
F:\Tvorba\openGL\VAO.h(4,10): fatal error C1083: Cannot open include file: 'glad/glad.h': No such file or directory
  VBO.cpp
F:\Tvorba\openGL\VBO.h(4,10): fatal error C1083: Cannot open include file: 'glad/glad.h': No such file or directory
  Generating Code...
